

HI-TECH Software PIC PRO Macro Assembler V9.80 build 6738 
                                                                                               Wed May 20 17:51:25 2020

HI-TECH Software Omniscient Code Generator (PRO mode) build 6738
     1                           	processor	12F683
     2                           	opt	pw 120
     3                           	opt	pm
     4                           	psect	config,global,class=CONFIG,delta=2
     5                           	psect	text75,local,class=CODE,delta=2
     6                           	psect	cinit,global,class=CODE,delta=2
     7                           	psect	cstackCOMMON,global,class=COMMON,space=1,delta=1
     8                           	psect	maintext,global,class=CODE,delta=2
     9                           	psect	text76,local,class=CODE,delta=2
    10                           	psect	text77,local,class=CODE,delta=2
    11                           	psect	text78,local,class=CODE,delta=2
    12                           	psect	text79,local,class=CODE,delta=2
    13                           	psect	text80,local,class=CODE,delta=2
    14                           	psect	text81,local,class=CODE,delta=2
    15                           	psect	text82,local,class=CODE,delta=2
    16                           	psect	pa_nodes,global,class=CODE,delta=2
    17                           	dabs	1,0x7E,2
    18  000A                     	;#
    19                           
    20                           	psect	config
    21  2007  3F34               	dw	16180	;#
    22                           
    23                           	psect	text75
    24  0000                     __ptext75:	
    25  001F                     _ADCON0	set	31
    26  001E                     _ADRESH	set	30
    27  0015                     _CCP1CON	set	21
    28  0013                     _CCPR1L	set	19
    29  0012                     _T2CON	set	18
    30  00F9                     _GODONE	set	249
    31  002A                     _GPIO2	set	42
    32  009E                     _ADRESL	set	158
    33  009F                     _ANSEL	set	159
    34  008F                     _OSCCON	set	143
    35  0092                     _PR2	set	146
    36  042A                     _TRISIO2	set	1066
    37  042C                     _TRISIO4	set	1068
    38                           
    39                           	psect	cinit
    40  059F                     start_initialization:	
    41  059F                     end_of_initialization:	
    42                           ;End of C runtime variable initialization code
    43                           
    44  059F  0183               	clrf	3
    45  05A0  2DE3               	ljmp	_main	;jump to C main() function
    46                           
    47                           	psect	cstackCOMMON
    48  0070                     __pcstackCOMMON:	
    49  0070                     ?_Init:	
    50  0070                     ??_Init:	
    51                           ; 0 bytes @ 0x0
    52                           
    53  0070                     ?_ADC_Init:	
    54                           ; 0 bytes @ 0x0
    55                           
    56  0070                     ??_ADC_Init:	
    57                           ; 0 bytes @ 0x0
    58                           
    59  0070                     ?_Delay:	
    60                           ; 0 bytes @ 0x0
    61                           
    62  0070                     ?_Time2_Config:	
    63                           ; 0 bytes @ 0x0
    64                           
    65  0070                     ??_Time2_Config:	
    66                           ; 0 bytes @ 0x0
    67                           
    68  0070                     ?_PWM_Open:	
    69                           ; 0 bytes @ 0x0
    70                           
    71  0070                     ??_PWM_Open:	
    72                           ; 0 bytes @ 0x0
    73                           
    74  0070                     ?_main:	
    75                           ; 0 bytes @ 0x0
    76                           
    77  0070                     ?_Get_Ad:	
    78                           ; 0 bytes @ 0x0
    79                           
    80  0070                     Delay@x:	
    81                           ; 2 bytes @ 0x0
    82                           
    83                           
    84                           ; 2 bytes @ 0x0
    85  0070                     	ds	2
    86  0072                     ??_Get_Ad:	
    87  0072                     ??_Delay:	
    88                           ; 0 bytes @ 0x2
    89                           
    90  0072                     Delay@a:	
    91                           ; 0 bytes @ 0x2
    92                           
    93                           
    94                           ; 2 bytes @ 0x2
    95  0072                     	ds	1
    96  0073                     Get_Ad@adval:	
    97                           
    98                           ; 2 bytes @ 0x3
    99  0073                     	ds	1
   100  0074                     Delay@b:	
   101                           
   102                           ; 2 bytes @ 0x4
   103  0074                     	ds	2
   104  0076                     ??_main:	
   105  0076                     main@adnum:	
   106                           ; 0 bytes @ 0x6
   107                           
   108                           
   109                           ; 2 bytes @ 0x6
   110  0076                     	ds	2
   111                           
   112                           	psect	maintext
   113  05E3                     __pmaintext:	
   114 ;;Data sizes: Strings 0, constant 0, data 0, bss 0, persistent 0 stack 0
   115 ;;Auto spaces:   Size  Autos    Used
   116 ;; COMMON          14      8       8
   117 ;; BANK0           80      0       0
   118 ;; BANK1           32      0       0
   119 ;;
   120 ;; Pointer list with targets:
   121 ;; ?_Get_Ad	unsigned int  size(1) Largest target is 0
   122 ;;
   123 ;;
   124 ;; Critical Paths under _main in COMMON
   125 ;;
   126 ;;   _main->_Delay
   127 ;;
   128 ;; Critical Paths under _main in BANK0
   129 ;;
   130 ;;   None.
   131 ;;
   132 ;; Critical Paths under _main in BANK1
   133 ;;
   134 ;;   None.
   135 ;;
   136 ;;Main: autosize = 0, tempsize = 0, incstack = 0, save=0
   137 ;;
   138 ;;
   139 ;;Call Graph Tables:
   140 ;;
   141 ;; ---------------------------------------------------------------------------------
   142 ;; (Depth) Function   	        Calls       Base Space   Used Autos Params    Refs
   143 ;; ---------------------------------------------------------------------------------
   144 ;; (0) _main                                                 2     2      0     975
   145 ;;                                              6 COMMON     2     2      0
   146 ;;                               _Init
   147 ;;                           _ADC_Init
   148 ;;                             _Get_Ad
   149 ;;                              _Delay
   150 ;;                       _Time2_Config
   151 ;;                           _PWM_Open
   152 ;; ---------------------------------------------------------------------------------
   153 ;; (1) _PWM_Open                                             0     0      0       0
   154 ;; ---------------------------------------------------------------------------------
   155 ;; (1) _Time2_Config                                         0     0      0       0
   156 ;; ---------------------------------------------------------------------------------
   157 ;; (1) _Delay                                                6     4      2      75
   158 ;;                                              0 COMMON     6     4      2
   159 ;; ---------------------------------------------------------------------------------
   160 ;; (1) _Get_Ad                                               5     3      2      30
   161 ;;                                              0 COMMON     5     3      2
   162 ;; ---------------------------------------------------------------------------------
   163 ;; (1) _ADC_Init                                             0     0      0       0
   164 ;; ---------------------------------------------------------------------------------
   165 ;; (1) _Init                                                 0     0      0       0
   166 ;; ---------------------------------------------------------------------------------
   167 ;; Estimated maximum stack depth 1
   168 ;; ---------------------------------------------------------------------------------
   169 ;; Call Graph Graphs:
   170 ;; _main (ROOT)
   171 ;;   _Init
   172 ;;   _ADC_Init
   173 ;;   _Get_Ad
   174 ;;   _Delay
   175 ;;   _Time2_Config
   176 ;;   _PWM_Open
   177 ;;
   178 ;; Address spaces:
   179 ;;Name               Size   Autos  Total    Cost      Usage
   180 ;;BITCOMMON            E      0       0       0        0.0%
   181 ;;EEDATA             100      0       0       0        0.0%
   182 ;;NULL                 0      0       0       0        0.0%
   183 ;;CODE                 0      0       0       0        0.0%
   184 ;;COMMON               E      8       8       1       57.1%
   185 ;;BITSFR0              0      0       0       1        0.0%
   186 ;;SFR0                 0      0       0       1        0.0%
   187 ;;BITSFR1              0      0       0       2        0.0%
   188 ;;SFR1                 0      0       0       2        0.0%
   189 ;;STACK                0      0       1       2        0.0%
   190 ;;BITBANK0            50      0       0       3        0.0%
   191 ;;BANK0               50      0       0       4        0.0%
   192 ;;BANK1               20      0       0       5        0.0%
   193 ;;ABS                  0      0       0       6        0.0%
   194 ;;BITBANK1            20      0       0       7        0.0%
   195 ;;DATA                 0      0       0       8        0.0%
   196                           
   197                           
   198 ;; *************** function _main *****************
   199 ;; Defined at:
   200 ;;		line 19 in file "D:\GitHub\adc_pwm_p12\adc_pwm_p12.c"
   201 ;; Parameters:    Size  Location     Type
   202 ;;		None
   203 ;; Auto vars:     Size  Location     Type
   204 ;;  adnum           2    6[COMMON] unsigned int 
   205 ;; Return value:  Size  Location     Type
   206 ;;		None               void
   207 ;; Registers used:
   208 ;;		wreg, status,2, status,0, pclath, cstack
   209 ;; Tracked objects:
   210 ;;		On entry : 17F/0
   211 ;;		On exit  : 17F/0
   212 ;;		Unchanged: FFE80/0
   213 ;; Data sizes:     COMMON   BANK0   BANK1
   214 ;;      Params:         0       0       0
   215 ;;      Locals:         2       0       0
   216 ;;      Temps:          0       0       0
   217 ;;      Totals:         2       0       0
   218 ;;Total ram usage:        2 bytes
   219 ;; Hardware stack levels required when called:    1
   220 ;; This function calls:
   221 ;;		_Init
   222 ;;		_ADC_Init
   223 ;;		_Get_Ad
   224 ;;		_Delay
   225 ;;		_Time2_Config
   226 ;;		_PWM_Open
   227 ;; This function is called by:
   228 ;;		Startup code after reset
   229 ;; This function uses a non-reentrant model
   230 ;;
   231  05E3                     _main:	
   232                           
   233                           ;adc_pwm_p12.c: 20: unsigned int adnum;
   234                           ;adc_pwm_p12.c: 22: Init();
   235                           
   236                           ; Regs used in _main: [wreg+status,2+status,0+pclath+cstack]
   237  05E3  25B0               	fcall	_Init
   238                           
   239                           ;adc_pwm_p12.c: 23: ADC_Init();
   240  05E4  25AA               	fcall	_ADC_Init
   241                           
   242                           ;adc_pwm_p12.c: 25: adnum=Get_Ad();
   243  05E5  25B8               	fcall	_Get_Ad
   244  05E6  0871               	movf	?_Get_Ad+1,w
   245  05E7  00F7               	movwf	main@adnum+1
   246  05E8  0870               	movf	?_Get_Ad,w
   247  05E9  00F6               	movwf	main@adnum
   248                           
   249                           ;adc_pwm_p12.c: 26: if(adnum > 210)
   250  05EA  3000               	movlw	0
   251  05EB  0277               	subwf	main@adnum+1,w
   252  05EC  30D3               	movlw	211
   253  05ED  1903               	skipnz
   254  05EE  0276               	subwf	main@adnum,w
   255                           
   256                           ;adc_pwm_p12.c: 27: {GPIO2=1;}
   257  05EF  1283               	bcf	3,5	;RP0=0, select bank0
   258  05F0  1C03               	skipc
   259  05F1  2DF4               	goto	L17
   260  05F2  1505               	bsf	5,2
   261  05F3  2DF5               	goto	l880
   262  05F4                     L17:	
   263                           ;adc_pwm_p12.c: 28: else
   264                           ;adc_pwm_p12.c: 29: {GPIO2=0;}
   265                           
   266  05F4  1105               	bcf	5,2
   267  05F5                     l880:	
   268                           
   269                           ;adc_pwm_p12.c: 31: Delay(2);
   270  05F5  3002               	movlw	2
   271  05F6  00F0               	movwf	?_Delay
   272  05F7  01F1               	clrf	?_Delay+1
   273  05F8  25C9               	fcall	_Delay
   274                           
   275                           ;adc_pwm_p12.c: 32: adnum=Get_Ad();
   276  05F9  25B8               	fcall	_Get_Ad
   277  05FA  0871               	movf	?_Get_Ad+1,w
   278  05FB  00F7               	movwf	main@adnum+1
   279  05FC  0870               	movf	?_Get_Ad,w
   280  05FD  00F6               	movwf	main@adnum
   281                           
   282                           ;adc_pwm_p12.c: 35: if(adnum > 210 && adnum <= 310)
   283  05FE  3000               	movlw	0
   284  05FF  0277               	subwf	main@adnum+1,w
   285  0600  30D3               	movlw	211
   286  0601  1903               	skipnz
   287  0602  0276               	subwf	main@adnum,w
   288  0603  3001               	movlw	1
   289  0604  1C03               	skipc
   290  0605  2E10               	goto	L18
   291  0606  0277               	subwf	main@adnum+1,w
   292  0607  3037               	movlw	55
   293  0608  1903               	skipnz
   294  0609  0276               	subwf	main@adnum,w
   295  060A  1803               	skipnc
   296  060B  2E0F               	goto	l890
   297                           
   298                           ;adc_pwm_p12.c: 36: {GPIO2=1;}
   299  060C  1283               	bcf	3,5	;RP0=0, select bank0
   300  060D  1505               	bsf	5,2
   301  060E  2EC6               	goto	l964
   302  060F                     l890:	
   303                           
   304                           ;adc_pwm_p12.c: 37: else if(adnum > 310 && adnum <= 450)
   305  060F  3001               	movlw	1
   306  0610                     L18:	
   307  0610  0277               	subwf	main@adnum+1,w
   308  0611  3037               	movlw	55
   309  0612  1903               	skipnz
   310  0613  0276               	subwf	main@adnum,w
   311  0614  3001               	movlw	1
   312  0615  1C03               	skipc
   313  0616  2E7E               	goto	L19
   314  0617  0277               	subwf	main@adnum+1,w
   315  0618  30C3               	movlw	195
   316  0619  1903               	skipnz
   317  061A  0276               	subwf	main@adnum,w
   318  061B  1803               	skipnc
   319  061C  2E7D               	goto	l934
   320                           
   321                           ;adc_pwm_p12.c: 38: {
   322                           ;adc_pwm_p12.c: 39: Time2_Config();
   323  061D  25A1               	fcall	_Time2_Config
   324                           
   325                           ;adc_pwm_p12.c: 40: PWM_Open();
   326  061E  25A5               	fcall	_PWM_Open
   327                           
   328                           ;adc_pwm_p12.c: 41: PR2 = 249;
   329  061F  30F9               	movlw	249
   330  0620  1683               	bsf	3,5	;RP0=1, select bank1
   331  0621  0092               	movwf	18	;volatile
   332                           
   333                           ;adc_pwm_p12.c: 42: if(adnum <= 330)
   334  0622  3001               	movlw	1
   335  0623  0277               	subwf	main@adnum+1,w
   336  0624  304B               	movlw	75
   337  0625  1903               	skipnz
   338  0626  0276               	subwf	main@adnum,w
   339  0627  1803               	skipnc
   340  0628  2E2B               	goto	l902
   341                           
   342                           ;adc_pwm_p12.c: 43: {CCPR1L = 190;}
   343  0629  30BE               	movlw	190
   344  062A  2EC1               	goto	L10
   345  062B                     l902:	
   346                           
   347                           ;adc_pwm_p12.c: 44: else if(adnum > 330 && adnum <= 350)
   348  062B  3001               	movlw	1
   349  062C  0277               	subwf	main@adnum+1,w
   350  062D  304B               	movlw	75
   351  062E  1903               	skipnz
   352  062F  0276               	subwf	main@adnum,w
   353  0630  3001               	movlw	1
   354  0631  1C03               	skipc
   355  0632  2E3C               	goto	L20
   356  0633  0277               	subwf	main@adnum+1,w
   357  0634  305F               	movlw	95
   358  0635  1903               	skipnz
   359  0636  0276               	subwf	main@adnum,w
   360  0637  1803               	skipnc
   361  0638  2E3B               	goto	l908
   362                           
   363                           ;adc_pwm_p12.c: 45: {CCPR1L = 180;}
   364  0639  30B4               	movlw	180
   365  063A  2EC1               	goto	L10
   366  063B                     l908:	
   367                           
   368                           ;adc_pwm_p12.c: 46: else if(adnum > 350 && adnum <= 370)
   369  063B  3001               	movlw	1
   370  063C                     L20:	
   371  063C  0277               	subwf	main@adnum+1,w
   372  063D  305F               	movlw	95
   373  063E  1903               	skipnz
   374  063F  0276               	subwf	main@adnum,w
   375  0640  3001               	movlw	1
   376  0641  1C03               	skipc
   377  0642  2E4C               	goto	L21
   378  0643  0277               	subwf	main@adnum+1,w
   379  0644  3073               	movlw	115
   380  0645  1903               	skipnz
   381  0646  0276               	subwf	main@adnum,w
   382  0647  1803               	skipnc
   383  0648  2E4B               	goto	l914
   384                           
   385                           ;adc_pwm_p12.c: 47: {CCPR1L = 170;}
   386  0649  30AA               	movlw	170
   387  064A  2EC1               	goto	L10
   388  064B                     l914:	
   389                           
   390                           ;adc_pwm_p12.c: 48: else if(adnum > 370 && adnum <= 390)
   391  064B  3001               	movlw	1
   392  064C                     L21:	
   393  064C  0277               	subwf	main@adnum+1,w
   394  064D  3073               	movlw	115
   395  064E  1903               	skipnz
   396  064F  0276               	subwf	main@adnum,w
   397  0650  3001               	movlw	1
   398  0651  1C03               	skipc
   399  0652  2E5C               	goto	L22
   400  0653  0277               	subwf	main@adnum+1,w
   401  0654  3087               	movlw	135
   402  0655  1903               	skipnz
   403  0656  0276               	subwf	main@adnum,w
   404  0657  1803               	skipnc
   405  0658  2E5B               	goto	l920
   406                           
   407                           ;adc_pwm_p12.c: 49: {CCPR1L = 160;}
   408  0659  30A0               	movlw	160
   409  065A  2EC1               	goto	L10
   410  065B                     l920:	
   411                           
   412                           ;adc_pwm_p12.c: 50: else if(adnum > 390 && adnum <= 410)
   413  065B  3001               	movlw	1
   414  065C                     L22:	
   415  065C  0277               	subwf	main@adnum+1,w
   416  065D  3087               	movlw	135
   417  065E  1903               	skipnz
   418  065F  0276               	subwf	main@adnum,w
   419  0660  3001               	movlw	1
   420  0661  1C03               	skipc
   421  0662  2E6C               	goto	L23
   422  0663  0277               	subwf	main@adnum+1,w
   423  0664  309B               	movlw	155
   424  0665  1903               	skipnz
   425  0666  0276               	subwf	main@adnum,w
   426  0667  1803               	skipnc
   427  0668  2E6B               	goto	l926
   428                           
   429                           ;adc_pwm_p12.c: 51: {CCPR1L = 150;}
   430  0669  3096               	movlw	150
   431  066A  2EC1               	goto	L10
   432  066B                     l926:	
   433                           
   434                           ;adc_pwm_p12.c: 52: else if(adnum > 410 && adnum <= 430)
   435  066B  3001               	movlw	1
   436  066C                     L23:	
   437  066C  0277               	subwf	main@adnum+1,w
   438  066D  309B               	movlw	155
   439  066E  1903               	skipnz
   440  066F  0276               	subwf	main@adnum,w
   441  0670  1C03               	skipc
   442  0671  2E7B               	goto	l932
   443  0672  3001               	movlw	1
   444  0673  0277               	subwf	main@adnum+1,w
   445  0674  30AF               	movlw	175
   446  0675  1903               	skipnz
   447  0676  0276               	subwf	main@adnum,w
   448  0677  1803               	skipnc
   449  0678  2E7B               	goto	l932
   450                           
   451                           ;adc_pwm_p12.c: 53: {CCPR1L = 140;}
   452  0679  308C               	movlw	140
   453  067A  2EC1               	goto	L10
   454  067B                     l932:	
   455                           
   456                           ;adc_pwm_p12.c: 54: else
   457                           ;adc_pwm_p12.c: 55: {CCPR1L = 130;}
   458  067B  3082               	movlw	130
   459  067C  2EC1               	goto	L10
   460  067D                     l934:	
   461                           
   462                           ;adc_pwm_p12.c: 57: else if(adnum > 450)
   463  067D  3001               	movlw	1
   464  067E                     L19:	
   465  067E  0277               	subwf	main@adnum+1,w
   466  067F  30C3               	movlw	195
   467  0680  1903               	skipnz
   468  0681  0276               	subwf	main@adnum,w
   469  0682  1C03               	skipc
   470  0683  2EC4               	goto	l385
   471                           
   472                           ;adc_pwm_p12.c: 58: {
   473                           ;adc_pwm_p12.c: 59: Time2_Config();
   474  0684  25A1               	fcall	_Time2_Config
   475                           
   476                           ;adc_pwm_p12.c: 60: PWM_Open();
   477  0685  25A5               	fcall	_PWM_Open
   478                           
   479                           ;adc_pwm_p12.c: 61: PR2 = 249;
   480  0686  30F9               	movlw	249
   481  0687  1683               	bsf	3,5	;RP0=1, select bank1
   482  0688  0092               	movwf	18	;volatile
   483                           
   484                           ;adc_pwm_p12.c: 62: if(adnum <= 530)
   485  0689  3002               	movlw	2
   486  068A  0277               	subwf	main@adnum+1,w
   487  068B  3013               	movlw	19
   488  068C  1903               	skipnz
   489  068D  0276               	subwf	main@adnum,w
   490  068E  1C03               	btfss	3,0
   491  068F  2E7B               	goto	l932
   492                           
   493                           ;adc_pwm_p12.c: 64: else if(adnum > 530 && adnum <= 610)
   494  0690  3002               	movlw	2
   495  0691  0277               	subwf	main@adnum+1,w
   496  0692  3013               	movlw	19
   497  0693  1903               	skipnz
   498  0694  0276               	subwf	main@adnum,w
   499  0695  3002               	movlw	2
   500  0696  1C03               	skipc
   501  0697  2EA1               	goto	L24
   502  0698  0277               	subwf	main@adnum+1,w
   503  0699  3063               	movlw	99
   504  069A  1903               	skipnz
   505  069B  0276               	subwf	main@adnum,w
   506  069C  1803               	skipnc
   507  069D  2EA0               	goto	l950
   508                           
   509                           ;adc_pwm_p12.c: 65: {CCPR1L = 120;}
   510  069E  3078               	movlw	120
   511  069F  2EC1               	goto	L10
   512  06A0                     l950:	
   513                           
   514                           ;adc_pwm_p12.c: 66: else if(adnum > 610 && adnum <= 690)
   515  06A0  3002               	movlw	2
   516  06A1                     L24:	
   517  06A1  0277               	subwf	main@adnum+1,w
   518  06A2  3063               	movlw	99
   519  06A3  1903               	skipnz
   520  06A4  0276               	subwf	main@adnum,w
   521  06A5  3002               	movlw	2
   522  06A6  1C03               	skipc
   523  06A7  2EB1               	goto	L25
   524  06A8  0277               	subwf	main@adnum+1,w
   525  06A9  30B3               	movlw	179
   526  06AA  1903               	skipnz
   527  06AB  0276               	subwf	main@adnum,w
   528  06AC  1803               	skipnc
   529  06AD  2EB0               	goto	l956
   530                           
   531                           ;adc_pwm_p12.c: 67: {CCPR1L = 110;}
   532  06AE  306E               	movlw	110
   533  06AF  2EC1               	goto	L10
   534  06B0                     l956:	
   535                           
   536                           ;adc_pwm_p12.c: 68: else if(adnum > 690 && adnum <= 770)
   537  06B0  3002               	movlw	2
   538  06B1                     L25:	
   539  06B1  0277               	subwf	main@adnum+1,w
   540  06B2  30B3               	movlw	179
   541  06B3  1903               	skipnz
   542  06B4  0276               	subwf	main@adnum,w
   543  06B5  1C03               	skipc
   544  06B6  2EC0               	goto	l962
   545  06B7  3003               	movlw	3
   546  06B8  0277               	subwf	main@adnum+1,w
   547  06B9  3003               	movlw	3
   548  06BA  1903               	skipnz
   549  06BB  0276               	subwf	main@adnum,w
   550  06BC  1803               	skipnc
   551  06BD  2EC0               	goto	l962
   552                           
   553                           ;adc_pwm_p12.c: 69: {CCPR1L = 100;}
   554  06BE  3064               	movlw	100
   555  06BF  2EC1               	goto	L10
   556  06C0                     l962:	
   557                           
   558                           ;adc_pwm_p12.c: 70: else
   559                           ;adc_pwm_p12.c: 71: {CCPR1L = 90;}
   560  06C0  305A               	movlw	90
   561  06C1                     L10:	
   562  06C1  1283               	bcf	3,5	;RP0=0, select bank0
   563  06C2  0093               	movwf	19	;volatile
   564  06C3  2EC6               	goto	l964
   565  06C4                     l385:	
   566                           
   567                           ;adc_pwm_p12.c: 73: else
   568                           ;adc_pwm_p12.c: 74: {GPIO2=0;}
   569  06C4  1283               	bcf	3,5	;RP0=0, select bank0
   570  06C5  1105               	bcf	5,2
   571  06C6                     l964:	
   572                           
   573                           ;adc_pwm_p12.c: 75: Delay(15);
   574  06C6  300F               	movlw	15
   575  06C7  00F0               	movwf	?_Delay
   576  06C8  01F1               	clrf	?_Delay+1
   577  06C9  25C9               	fcall	_Delay
   578                           
   579                           ;adc_pwm_p12.c: 78: if(adnum > 310 && adnum <= 450)
   580  06CA  3001               	movlw	1
   581  06CB  0277               	subwf	main@adnum+1,w
   582  06CC  3037               	movlw	55
   583  06CD  1903               	skipnz
   584  06CE  0276               	subwf	main@adnum,w
   585  06CF  3001               	movlw	1
   586  06D0  1C03               	skipc
   587  06D1  2F37               	goto	L26
   588  06D2  0277               	subwf	main@adnum+1,w
   589  06D3  30C3               	movlw	195
   590  06D4  1903               	skipnz
   591  06D5  0276               	subwf	main@adnum,w
   592  06D6  1803               	skipnc
   593  06D7  2F36               	goto	l1006
   594                           
   595                           ;adc_pwm_p12.c: 79: {
   596                           ;adc_pwm_p12.c: 80: PR2 = 50;
   597  06D8  3032               	movlw	50
   598  06D9  1683               	bsf	3,5	;RP0=1, select bank1
   599  06DA  0092               	movwf	18	;volatile
   600                           
   601                           ;adc_pwm_p12.c: 81: if(adnum <= 330)
   602  06DB  3001               	movlw	1
   603  06DC  0277               	subwf	main@adnum+1,w
   604  06DD  304B               	movlw	75
   605  06DE  1903               	skipnz
   606  06DF  0276               	subwf	main@adnum,w
   607  06E0  1803               	skipnc
   608  06E1  2EE4               	goto	l974
   609                           
   610                           ;adc_pwm_p12.c: 82: {CCPR1L = 25;}
   611  06E2  3019               	movlw	25
   612  06E3  2F7A               	goto	L11
   613  06E4                     l974:	
   614                           
   615                           ;adc_pwm_p12.c: 83: else if(adnum > 330 && adnum <= 350)
   616  06E4  3001               	movlw	1
   617  06E5  0277               	subwf	main@adnum+1,w
   618  06E6  304B               	movlw	75
   619  06E7  1903               	skipnz
   620  06E8  0276               	subwf	main@adnum,w
   621  06E9  3001               	movlw	1
   622  06EA  1C03               	skipc
   623  06EB  2EF5               	goto	L27
   624  06EC  0277               	subwf	main@adnum+1,w
   625  06ED  305F               	movlw	95
   626  06EE  1903               	skipnz
   627  06EF  0276               	subwf	main@adnum,w
   628  06F0  1803               	skipnc
   629  06F1  2EF4               	goto	l980
   630                           
   631                           ;adc_pwm_p12.c: 84: {CCPR1L = 23;}
   632  06F2  3017               	movlw	23
   633  06F3  2F7A               	goto	L11
   634  06F4                     l980:	
   635                           
   636                           ;adc_pwm_p12.c: 85: else if(adnum > 350 && adnum <= 370)
   637  06F4  3001               	movlw	1
   638  06F5                     L27:	
   639  06F5  0277               	subwf	main@adnum+1,w
   640  06F6  305F               	movlw	95
   641  06F7  1903               	skipnz
   642  06F8  0276               	subwf	main@adnum,w
   643  06F9  3001               	movlw	1
   644  06FA  1C03               	skipc
   645  06FB  2F05               	goto	L28
   646  06FC  0277               	subwf	main@adnum+1,w
   647  06FD  3073               	movlw	115
   648  06FE  1903               	skipnz
   649  06FF  0276               	subwf	main@adnum,w
   650  0700  1803               	skipnc
   651  0701  2F04               	goto	l986
   652                           
   653                           ;adc_pwm_p12.c: 86: {CCPR1L = 21;}
   654  0702  3015               	movlw	21
   655  0703  2F7A               	goto	L11
   656  0704                     l986:	
   657                           
   658                           ;adc_pwm_p12.c: 87: else if(adnum > 370 && adnum <= 390)
   659  0704  3001               	movlw	1
   660  0705                     L28:	
   661  0705  0277               	subwf	main@adnum+1,w
   662  0706  3073               	movlw	115
   663  0707  1903               	skipnz
   664  0708  0276               	subwf	main@adnum,w
   665  0709  3001               	movlw	1
   666  070A  1C03               	skipc
   667  070B  2F15               	goto	L29
   668  070C  0277               	subwf	main@adnum+1,w
   669  070D  3087               	movlw	135
   670  070E  1903               	skipnz
   671  070F  0276               	subwf	main@adnum,w
   672  0710  1803               	skipnc
   673  0711  2F14               	goto	l992
   674                           
   675                           ;adc_pwm_p12.c: 88: {CCPR1L = 20;}
   676  0712  3014               	movlw	20
   677  0713  2F7A               	goto	L11
   678  0714                     l992:	
   679                           
   680                           ;adc_pwm_p12.c: 89: else if(adnum > 390 && adnum <= 410)
   681  0714  3001               	movlw	1
   682  0715                     L29:	
   683  0715  0277               	subwf	main@adnum+1,w
   684  0716  3087               	movlw	135
   685  0717  1903               	skipnz
   686  0718  0276               	subwf	main@adnum,w
   687  0719  3001               	movlw	1
   688  071A  1C03               	skipc
   689  071B  2F25               	goto	L30
   690  071C  0277               	subwf	main@adnum+1,w
   691  071D  309B               	movlw	155
   692  071E  1903               	skipnz
   693  071F  0276               	subwf	main@adnum,w
   694  0720  1803               	skipnc
   695  0721  2F24               	goto	l998
   696                           
   697                           ;adc_pwm_p12.c: 90: {CCPR1L = 19;}
   698  0722  3013               	movlw	19
   699  0723  2F7A               	goto	L11
   700  0724                     l998:	
   701                           
   702                           ;adc_pwm_p12.c: 91: else if(adnum > 410 && adnum <= 430)
   703  0724  3001               	movlw	1
   704  0725                     L30:	
   705  0725  0277               	subwf	main@adnum+1,w
   706  0726  309B               	movlw	155
   707  0727  1903               	skipnz
   708  0728  0276               	subwf	main@adnum,w
   709  0729  1C03               	skipc
   710  072A  2F34               	goto	l1004
   711  072B  3001               	movlw	1
   712  072C  0277               	subwf	main@adnum+1,w
   713  072D  30AF               	movlw	175
   714  072E  1903               	skipnz
   715  072F  0276               	subwf	main@adnum,w
   716  0730  1803               	skipnc
   717  0731  2F34               	goto	l1004
   718                           
   719                           ;adc_pwm_p12.c: 92: {CCPR1L = 18;}
   720  0732  3012               	movlw	18
   721  0733  2F7A               	goto	L11
   722  0734                     l1004:	
   723                           
   724                           ;adc_pwm_p12.c: 93: else
   725                           ;adc_pwm_p12.c: 94: {CCPR1L = 17;}
   726  0734  3011               	movlw	17
   727  0735  2F7A               	goto	L11
   728  0736                     l1006:	
   729                           
   730                           ;adc_pwm_p12.c: 96: else if(adnum > 450)
   731  0736  3001               	movlw	1
   732  0737                     L26:	
   733  0737  0277               	subwf	main@adnum+1,w
   734  0738  30C3               	movlw	195
   735  0739  1903               	skipnz
   736  073A  0276               	subwf	main@adnum,w
   737  073B  1C03               	skipc
   738  073C  2F7C               	goto	l1032
   739                           
   740                           ;adc_pwm_p12.c: 97: {
   741                           ;adc_pwm_p12.c: 98: PR2 = 50;
   742  073D  3032               	movlw	50
   743  073E  1683               	bsf	3,5	;RP0=1, select bank1
   744  073F  0092               	movwf	18	;volatile
   745                           
   746                           ;adc_pwm_p12.c: 99: if(adnum <= 530)
   747  0740  3002               	movlw	2
   748  0741  0277               	subwf	main@adnum+1,w
   749  0742  3013               	movlw	19
   750  0743  1903               	skipnz
   751  0744  0276               	subwf	main@adnum,w
   752  0745  1803               	skipnc
   753  0746  2F49               	goto	l1012
   754                           
   755                           ;adc_pwm_p12.c: 100: {CCPR1L = 16;}
   756  0747  3010               	movlw	16
   757  0748  2F7A               	goto	L11
   758  0749                     l1012:	
   759                           
   760                           ;adc_pwm_p12.c: 101: else if(adnum > 530 && adnum <= 610)
   761  0749  3002               	movlw	2
   762  074A  0277               	subwf	main@adnum+1,w
   763  074B  3013               	movlw	19
   764  074C  1903               	skipnz
   765  074D  0276               	subwf	main@adnum,w
   766  074E  3002               	movlw	2
   767  074F  1C03               	skipc
   768  0750  2F5A               	goto	L31
   769  0751  0277               	subwf	main@adnum+1,w
   770  0752  3063               	movlw	99
   771  0753  1903               	skipnz
   772  0754  0276               	subwf	main@adnum,w
   773  0755  1803               	skipnc
   774  0756  2F59               	goto	l1018
   775                           
   776                           ;adc_pwm_p12.c: 102: {CCPR1L = 15;}
   777  0757  300F               	movlw	15
   778  0758  2F7A               	goto	L11
   779  0759                     l1018:	
   780                           
   781                           ;adc_pwm_p12.c: 103: else if(adnum > 610 && adnum <= 690)
   782  0759  3002               	movlw	2
   783  075A                     L31:	
   784  075A  0277               	subwf	main@adnum+1,w
   785  075B  3063               	movlw	99
   786  075C  1903               	skipnz
   787  075D  0276               	subwf	main@adnum,w
   788  075E  3002               	movlw	2
   789  075F  1C03               	skipc
   790  0760  2F6A               	goto	L32
   791  0761  0277               	subwf	main@adnum+1,w
   792  0762  30B3               	movlw	179
   793  0763  1903               	skipnz
   794  0764  0276               	subwf	main@adnum,w
   795  0765  1803               	skipnc
   796  0766  2F69               	goto	l1024
   797                           
   798                           ;adc_pwm_p12.c: 104: {CCPR1L = 14;}
   799  0767  300E               	movlw	14
   800  0768  2F7A               	goto	L11
   801  0769                     l1024:	
   802                           
   803                           ;adc_pwm_p12.c: 105: else if(adnum > 690 && adnum <= 770)
   804  0769  3002               	movlw	2
   805  076A                     L32:	
   806  076A  0277               	subwf	main@adnum+1,w
   807  076B  30B3               	movlw	179
   808  076C  1903               	skipnz
   809  076D  0276               	subwf	main@adnum,w
   810  076E  1C03               	skipc
   811  076F  2F79               	goto	l1030
   812  0770  3003               	movlw	3
   813  0771  0277               	subwf	main@adnum+1,w
   814  0772  3003               	movlw	3
   815  0773  1903               	skipnz
   816  0774  0276               	subwf	main@adnum,w
   817  0775  1803               	skipnc
   818  0776  2F79               	goto	l1030
   819                           
   820                           ;adc_pwm_p12.c: 106: {CCPR1L = 13;}
   821  0777  300D               	movlw	13
   822  0778  2F7A               	goto	L11
   823  0779                     l1030:	
   824                           
   825                           ;adc_pwm_p12.c: 107: else
   826                           ;adc_pwm_p12.c: 108: {CCPR1L = 12;}
   827  0779  300C               	movlw	12
   828  077A                     L11:	
   829  077A  1283               	bcf	3,5	;RP0=0, select bank0
   830  077B  0093               	movwf	19	;volatile
   831  077C                     l1032:	
   832                           
   833                           ;adc_pwm_p12.c: 109: }
   834                           ;adc_pwm_p12.c: 110: Delay(82);
   835  077C  3052               	movlw	82
   836  077D  00F0               	movwf	?_Delay
   837  077E  01F1               	clrf	?_Delay+1
   838  077F  25C9               	fcall	_Delay
   839                           
   840                           ;adc_pwm_p12.c: 112: adnum=Get_Ad();
   841  0780  25B8               	fcall	_Get_Ad
   842  0781  0871               	movf	?_Get_Ad+1,w
   843  0782  00F7               	movwf	main@adnum+1
   844  0783  0870               	movf	?_Get_Ad,w
   845  0784  00F6               	movwf	main@adnum
   846                           
   847                           ;adc_pwm_p12.c: 113: if(adnum > 210 && adnum <= 310)
   848  0785  3000               	movlw	0
   849  0786  0277               	subwf	main@adnum+1,w
   850  0787  30D3               	movlw	211
   851  0788  1903               	skipnz
   852  0789  0276               	subwf	main@adnum,w
   853  078A  1C03               	skipc
   854  078B  2FE3               	goto	l1042
   855  078C  3001               	movlw	1
   856  078D  0277               	subwf	main@adnum+1,w
   857  078E  3037               	movlw	55
   858  078F  1903               	skipnz
   859  0790  0276               	subwf	main@adnum,w
   860  0791  1803               	skipnc
   861  0792  2FE3               	goto	l1042
   862                           
   863                           ;adc_pwm_p12.c: 114: {
   864                           ;adc_pwm_p12.c: 115: Time2_Config();
   865  0793  25A1               	fcall	_Time2_Config
   866                           
   867                           ;adc_pwm_p12.c: 116: PWM_Open();
   868  0794  25A5               	fcall	_PWM_Open
   869  0795  2FE3               	goto	l1042
   870  0796                     l1046:	
   871  0796  3001               	movlw	1
   872  0797  0277               	subwf	main@adnum+1,w
   873  0798  3037               	movlw	55
   874  0799  1903               	skipnz
   875  079A  0276               	subwf	main@adnum,w
   876  079B  1803               	skipnc
   877  079C  2FEF               	goto	l1066
   878                           
   879                           ;adc_pwm_p12.c: 123: {
   880                           ;adc_pwm_p12.c: 124: PR2 = 50;
   881  079D  3032               	movlw	50
   882  079E  0092               	movwf	18	;volatile
   883                           
   884                           ;adc_pwm_p12.c: 125: if(adnum <= 235)
   885  079F  3000               	movlw	0
   886  07A0  0277               	subwf	main@adnum+1,w
   887  07A1  30EC               	movlw	236
   888  07A2  1903               	skipnz
   889  07A3  0276               	subwf	main@adnum,w
   890  07A4  1803               	skipnc
   891  07A5  2FA8               	goto	l1052
   892                           
   893                           ;adc_pwm_p12.c: 126: {CCPR1L = 20;}
   894  07A6  3014               	movlw	20
   895  07A7  2FE1               	goto	L16
   896  07A8                     l1052:	
   897                           
   898                           ;adc_pwm_p12.c: 127: else if(adnum > 235 && adnum <= 260)
   899  07A8  3000               	movlw	0
   900  07A9  0277               	subwf	main@adnum+1,w
   901  07AA  30EC               	movlw	236
   902  07AB  1903               	skipnz
   903  07AC  0276               	subwf	main@adnum,w
   904  07AD  3001               	movlw	1
   905  07AE  1C03               	skipc
   906  07AF  2FB9               	goto	L33
   907  07B0  0277               	subwf	main@adnum+1,w
   908  07B1  3005               	movlw	5
   909  07B2  1903               	skipnz
   910  07B3  0276               	subwf	main@adnum,w
   911  07B4  1803               	skipnc
   912  07B5  2FB8               	goto	l1058
   913                           
   914                           ;adc_pwm_p12.c: 128: {CCPR1L = 19;}
   915  07B6  3013               	movlw	19
   916  07B7  2FE1               	goto	L16
   917  07B8                     l1058:	
   918                           
   919                           ;adc_pwm_p12.c: 129: else if(adnum > 260 && adnum <= 285)
   920  07B8  3001               	movlw	1
   921  07B9                     L33:	
   922  07B9  0277               	subwf	main@adnum+1,w
   923  07BA  3005               	movlw	5
   924  07BB  1903               	skipnz
   925  07BC  0276               	subwf	main@adnum,w
   926  07BD  1C03               	skipc
   927  07BE  2FC8               	goto	l1064
   928  07BF  3001               	movlw	1
   929  07C0  0277               	subwf	main@adnum+1,w
   930  07C1  301E               	movlw	30
   931  07C2  1903               	skipnz
   932  07C3  0276               	subwf	main@adnum,w
   933  07C4  1803               	skipnc
   934  07C5  2FC8               	goto	l1064
   935                           
   936                           ;adc_pwm_p12.c: 130: {CCPR1L = 18;}
   937  07C6  3012               	movlw	18
   938  07C7  2FE1               	goto	L16
   939  07C8                     l1064:	
   940                           
   941                           ;adc_pwm_p12.c: 131: else
   942                           ;adc_pwm_p12.c: 132: {CCPR1L = 17;}
   943  07C8  3011               	movlw	17
   944  07C9  2FE1               	goto	L16
   945  07CA                     l1068:	
   946  07CA  3001               	movlw	1
   947  07CB  0277               	subwf	main@adnum+1,w
   948  07CC  30C3               	movlw	195
   949  07CD  1903               	skipnz
   950  07CE  0276               	subwf	main@adnum,w
   951  07CF  1803               	skipnc
   952  07D0  2FF6               	goto	l1076
   953                           
   954                           ;adc_pwm_p12.c: 135: {
   955                           ;adc_pwm_p12.c: 136: PR2 = 50;
   956  07D1  3032               	movlw	50
   957  07D2  0092               	movwf	18	;volatile
   958                           
   959                           ;adc_pwm_p12.c: 137: if(adnum <= 380)
   960  07D3  3001               	movlw	1
   961  07D4  0277               	subwf	main@adnum+1,w
   962  07D5  307D               	movlw	125
   963  07D6  1903               	skipnz
   964  07D7  0276               	subwf	main@adnum,w
   965  07D8  1803               	skipnc
   966  07D9  2FDC               	goto	l1074
   967                           
   968                           ;adc_pwm_p12.c: 138: {CCPR1L = 9;}
   969  07DA  3009               	movlw	9
   970  07DB  2FE1               	goto	L16
   971  07DC                     l1074:	
   972                           
   973                           ;adc_pwm_p12.c: 139: else
   974                           ;adc_pwm_p12.c: 140: {CCPR1L = 8;}
   975  07DC  3008               	movlw	8
   976  07DD  2FE1               	goto	L16
   977  07DE                     l1078:	
   978                           
   979                           ;adc_pwm_p12.c: 143: {
   980                           ;adc_pwm_p12.c: 144: PR2 = 50;
   981  07DE  3032               	movlw	50
   982  07DF  0092               	movwf	18	;volatile
   983                           
   984                           ;adc_pwm_p12.c: 145: CCPR1L = 7;
   985  07E0  3007               	movlw	7
   986  07E1                     L16:	
   987  07E1  1283               	bcf	3,5	;RP0=0, select bank0
   988  07E2  0093               	movwf	19	;volatile
   989  07E3                     l1042:	
   990                           ;adc_pwm_p12.c: 146: }
   991                           
   992                           
   993                           ;adc_pwm_p12.c: 120: {
   994                           ;adc_pwm_p12.c: 121: adnum=Get_Ad();
   995  07E3  25B8               	fcall	_Get_Ad
   996  07E4  0871               	movf	?_Get_Ad+1,w
   997  07E5  00F7               	movwf	main@adnum+1
   998  07E6  0870               	movf	?_Get_Ad,w
   999  07E7  00F6               	movwf	main@adnum
  1000                           
  1001                           ;adc_pwm_p12.c: 122: if(adnum > 210 && adnum <= 310)
  1002  07E8  3000               	movlw	0
  1003  07E9  0277               	subwf	main@adnum+1,w
  1004  07EA  30D3               	movlw	211
  1005  07EB  1903               	skipnz
  1006  07EC  0276               	subwf	main@adnum,w
  1007  07ED  1803               	btfsc	3,0
  1008  07EE  2F96               	goto	l1046
  1009  07EF                     l1066:	
  1010                           
  1011                           ;adc_pwm_p12.c: 134: else if(adnum > 310 && adnum <= 450)
  1012  07EF  3001               	movlw	1
  1013  07F0  0277               	subwf	main@adnum+1,w
  1014  07F1  3037               	movlw	55
  1015  07F2  1903               	skipnz
  1016  07F3  0276               	subwf	main@adnum,w
  1017  07F4  1803               	btfsc	3,0
  1018  07F5  2FCA               	goto	l1068
  1019  07F6                     l1076:	
  1020                           
  1021                           ;adc_pwm_p12.c: 142: else if(adnum > 450)
  1022  07F6  3001               	movlw	1
  1023  07F7  0277               	subwf	main@adnum+1,w
  1024  07F8  30C3               	movlw	195
  1025  07F9  1903               	skipnz
  1026  07FA  0276               	subwf	main@adnum,w
  1027  07FB  1803               	btfsc	3,0
  1028  07FC  2FDE               	goto	l1078
  1029                           
  1030                           ;adc_pwm_p12.c: 147: else
  1031                           ;adc_pwm_p12.c: 148: {
  1032                           ;adc_pwm_p12.c: 149: GPIO2=0;
  1033  07FD  1283               	bcf	3,5	;RP0=0, select bank0
  1034  07FE  1105               	bcf	5,2
  1035  07FF  2FE3               	goto	l1042
  1036  0800                     __end_of_main:	
  1037                           
  1038                           	psect	text76
  1039  05A5                     __ptext76:	
  1040 ;; =============== function _main ends ============
  1041                           
  1042                           
  1043 ;; *************** function _PWM_Open *****************
  1044 ;; Defined at:
  1045 ;;		line 186 in file "D:\GitHub\adc_pwm_p12\adc_pwm_p12.c"
  1046 ;; Parameters:    Size  Location     Type
  1047 ;;		None
  1048 ;; Auto vars:     Size  Location     Type
  1049 ;;		None
  1050 ;; Return value:  Size  Location     Type
  1051 ;;		None               void
  1052 ;; Registers used:
  1053 ;;		wreg, status,2, status,0
  1054 ;; Tracked objects:
  1055 ;;		On entry : 17F/0
  1056 ;;		On exit  : 17F/0
  1057 ;;		Unchanged: FFE80/0
  1058 ;; Data sizes:     COMMON   BANK0   BANK1
  1059 ;;      Params:         0       0       0
  1060 ;;      Locals:         0       0       0
  1061 ;;      Temps:          0       0       0
  1062 ;;      Totals:         0       0       0
  1063 ;;Total ram usage:        0 bytes
  1064 ;; Hardware stack levels used:    1
  1065 ;; This function calls:
  1066 ;;		Nothing
  1067 ;; This function is called by:
  1068 ;;		_main
  1069 ;; This function uses a non-reentrant model
  1070 ;;
  1071  05A5                     _PWM_Open:	
  1072                           
  1073                           ;adc_pwm_p12.c: 187: CCPR1L = 0x7F;
  1074                           
  1075                           ; Regs used in _PWM_Open: [wreg+status,2+status,0]
  1076  05A5  307F               	movlw	127
  1077  05A6  0093               	movwf	19	;volatile
  1078                           
  1079                           ;adc_pwm_p12.c: 188: CCP1CON = CCP1CON | 0x3C;
  1080  05A7  303C               	movlw	60
  1081  05A8  0495               	iorwf	21,f	;volatile
  1082  05A9  0008               	return
  1083  05AA                     __end_of_PWM_Open:	
  1084                           
  1085                           	psect	text77
  1086  05A1                     __ptext77:	
  1087 ;; =============== function _PWM_Open ends ============
  1088                           
  1089                           
  1090 ;; *************** function _Time2_Config *****************
  1091 ;; Defined at:
  1092 ;;		line 192 in file "D:\GitHub\adc_pwm_p12\adc_pwm_p12.c"
  1093 ;; Parameters:    Size  Location     Type
  1094 ;;		None
  1095 ;; Auto vars:     Size  Location     Type
  1096 ;;		None
  1097 ;; Return value:  Size  Location     Type
  1098 ;;		None               void
  1099 ;; Registers used:
  1100 ;;		wreg
  1101 ;; Tracked objects:
  1102 ;;		On entry : 17F/20
  1103 ;;		On exit  : 17F/0
  1104 ;;		Unchanged: FFE80/0
  1105 ;; Data sizes:     COMMON   BANK0   BANK1
  1106 ;;      Params:         0       0       0
  1107 ;;      Locals:         0       0       0
  1108 ;;      Temps:          0       0       0
  1109 ;;      Totals:         0       0       0
  1110 ;;Total ram usage:        0 bytes
  1111 ;; Hardware stack levels used:    1
  1112 ;; This function calls:
  1113 ;;		Nothing
  1114 ;; This function is called by:
  1115 ;;		_main
  1116 ;; This function uses a non-reentrant model
  1117 ;;
  1118  05A1                     _Time2_Config:	
  1119                           
  1120                           ;adc_pwm_p12.c: 193: T2CON = 0x04;
  1121                           
  1122                           ; Regs used in _Time2_Config: [wreg]
  1123  05A1  3004               	movlw	4
  1124  05A2  1283               	bcf	3,5	;RP0=0, select bank0
  1125  05A3  0092               	movwf	18	;volatile
  1126  05A4  0008               	return
  1127  05A5                     __end_of_Time2_Config:	
  1128                           
  1129                           	psect	text78
  1130  05C9                     __ptext78:	
  1131 ;; =============== function _Time2_Config ends ============
  1132                           
  1133                           
  1134 ;; *************** function _Delay *****************
  1135 ;; Defined at:
  1136 ;;		line 155 in file "D:\GitHub\adc_pwm_p12\adc_pwm_p12.c"
  1137 ;; Parameters:    Size  Location     Type
  1138 ;;  x               2    0[COMMON] unsigned int 
  1139 ;; Auto vars:     Size  Location     Type
  1140 ;;  b               2    4[COMMON] unsigned int 
  1141 ;;  a               2    2[COMMON] unsigned int 
  1142 ;; Return value:  Size  Location     Type
  1143 ;;		None               void
  1144 ;; Registers used:
  1145 ;;		wreg, status,2, status,0
  1146 ;; Tracked objects:
  1147 ;;		On entry : 17F/0
  1148 ;;		On exit  : 17F/0
  1149 ;;		Unchanged: FFE80/0
  1150 ;; Data sizes:     COMMON   BANK0   BANK1
  1151 ;;      Params:         2       0       0
  1152 ;;      Locals:         4       0       0
  1153 ;;      Temps:          0       0       0
  1154 ;;      Totals:         6       0       0
  1155 ;;Total ram usage:        6 bytes
  1156 ;; Hardware stack levels used:    1
  1157 ;; This function calls:
  1158 ;;		Nothing
  1159 ;; This function is called by:
  1160 ;;		_main
  1161 ;; This function uses a non-reentrant model
  1162 ;;
  1163  05C9                     _Delay:	
  1164                           
  1165                           ;adc_pwm_p12.c: 156: unsigned int a,b;
  1166                           ;adc_pwm_p12.c: 157: for(a=x;a>0;a--)
  1167                           
  1168                           ; Regs used in _Delay: [wreg+status,2+status,0]
  1169  05C9  0871               	movf	Delay@x+1,w
  1170  05CA  00F3               	movwf	Delay@a+1
  1171  05CB  0870               	movf	Delay@x,w
  1172  05CC  00F2               	movwf	Delay@a
  1173  05CD                     l848:	
  1174  05CD  0873               	movf	Delay@a+1,w
  1175  05CE  0472               	iorwf	Delay@a,w
  1176  05CF  1903               	btfsc	3,2
  1177  05D0  0008               	return
  1178                           
  1179                           ;adc_pwm_p12.c: 158: for(b=110;b>0;b--);
  1180  05D1  306E               	movlw	110
  1181  05D2  00F4               	movwf	Delay@b
  1182  05D3  01F5               	clrf	Delay@b+1
  1183  05D4  3001               	movlw	1
  1184  05D5                     L34:	
  1185  05D5  02F4               	subwf	Delay@b,f
  1186  05D6  1C03               	skipc
  1187  05D7  03F5               	decf	Delay@b+1,f
  1188  05D8  0875               	movf	Delay@b+1,w
  1189  05D9  0474               	iorwf	Delay@b,w
  1190  05DA  3001               	movlw	1
  1191  05DB  1D03               	skipz
  1192  05DC  2DD5               	goto	L34
  1193  05DD  02F2               	subwf	Delay@a,f
  1194  05DE  3000               	movlw	0
  1195  05DF  1C03               	skipc
  1196  05E0  03F3               	decf	Delay@a+1,f
  1197  05E1  02F3               	subwf	Delay@a+1,f
  1198  05E2  2DCD               	goto	l848
  1199  05E3                     __end_of_Delay:	
  1200                           
  1201                           	psect	text79
  1202  05B8                     __ptext79:	
  1203 ;; =============== function _Delay ends ============
  1204                           
  1205                           
  1206 ;; *************** function _Get_Ad *****************
  1207 ;; Defined at:
  1208 ;;		line 176 in file "D:\GitHub\adc_pwm_p12\adc_pwm_p12.c"
  1209 ;; Parameters:    Size  Location     Type
  1210 ;;		None
  1211 ;; Auto vars:     Size  Location     Type
  1212 ;;  adval           2    3[COMMON] unsigned int 
  1213 ;; Return value:  Size  Location     Type
  1214 ;;                  2    0[COMMON] unsigned int 
  1215 ;; Registers used:
  1216 ;;		wreg
  1217 ;; Tracked objects:
  1218 ;;		On entry : 15F/20
  1219 ;;		On exit  : 17F/20
  1220 ;;		Unchanged: FFE80/0
  1221 ;; Data sizes:     COMMON   BANK0   BANK1
  1222 ;;      Params:         2       0       0
  1223 ;;      Locals:         2       0       0
  1224 ;;      Temps:          1       0       0
  1225 ;;      Totals:         5       0       0
  1226 ;;Total ram usage:        5 bytes
  1227 ;; Hardware stack levels used:    1
  1228 ;; This function calls:
  1229 ;;		Nothing
  1230 ;; This function is called by:
  1231 ;;		_main
  1232 ;; This function uses a non-reentrant model
  1233 ;;
  1234  05B8                     _Get_Ad:	
  1235                           
  1236                           ;adc_pwm_p12.c: 177: unsigned int adval;
  1237                           ;adc_pwm_p12.c: 178: GODONE=1;
  1238                           
  1239                           ; Regs used in _Get_Ad: [wreg]
  1240  05B8  1283               	bcf	3,5	;RP0=0, select bank0
  1241  05B9  149F               	bsf	31,1
  1242  05BA                     l452:	
  1243                           ;adc_pwm_p12.c: 179: while(GODONE);
  1244                           
  1245  05BA  189F               	btfsc	31,1
  1246  05BB  2DBA               	goto	l452
  1247                           
  1248                           ;adc_pwm_p12.c: 180: adval=ADRESH;
  1249  05BC  081E               	movf	30,w	;volatile
  1250  05BD  00F3               	movwf	Get_Ad@adval
  1251  05BE  01F4               	clrf	Get_Ad@adval+1
  1252                           
  1253                           ;adc_pwm_p12.c: 181: adval=adval<<8|ADRESL;
  1254  05BF  00F2               	movwf	??_Get_Ad
  1255  05C0  1683               	bsf	3,5	;RP0=1, select bank1
  1256  05C1  081E               	movf	30,w	;volatile
  1257  05C2  00F3               	movwf	Get_Ad@adval
  1258  05C3  0872               	movf	??_Get_Ad,w
  1259  05C4  00F4               	movwf	Get_Ad@adval+1
  1260                           
  1261                           ;adc_pwm_p12.c: 182: return(adval);
  1262  05C5  00F1               	movwf	?_Get_Ad+1
  1263  05C6  0873               	movf	Get_Ad@adval,w
  1264  05C7  00F0               	movwf	?_Get_Ad
  1265  05C8  0008               	return
  1266  05C9                     __end_of_Get_Ad:	
  1267                           
  1268                           	psect	text80
  1269  05AA                     __ptext80:	
  1270 ;; =============== function _Get_Ad ends ============
  1271                           
  1272                           
  1273 ;; *************** function _ADC_Init *****************
  1274 ;; Defined at:
  1275 ;;		line 170 in file "D:\GitHub\adc_pwm_p12\adc_pwm_p12.c"
  1276 ;; Parameters:    Size  Location     Type
  1277 ;;		None
  1278 ;; Auto vars:     Size  Location     Type
  1279 ;;		None
  1280 ;; Return value:  Size  Location     Type
  1281 ;;		None               void
  1282 ;; Registers used:
  1283 ;;		wreg
  1284 ;; Tracked objects:
  1285 ;;		On entry : 17F/0
  1286 ;;		On exit  : 17F/20
  1287 ;;		Unchanged: FFE80/0
  1288 ;; Data sizes:     COMMON   BANK0   BANK1
  1289 ;;      Params:         0       0       0
  1290 ;;      Locals:         0       0       0
  1291 ;;      Temps:          0       0       0
  1292 ;;      Totals:         0       0       0
  1293 ;;Total ram usage:        0 bytes
  1294 ;; Hardware stack levels used:    1
  1295 ;; This function calls:
  1296 ;;		Nothing
  1297 ;; This function is called by:
  1298 ;;		_main
  1299 ;; This function uses a non-reentrant model
  1300 ;;
  1301  05AA                     _ADC_Init:	
  1302                           
  1303                           ;adc_pwm_p12.c: 171: ADCON0=0x8D;
  1304                           
  1305                           ; Regs used in _ADC_Init: [wreg]
  1306  05AA  308D               	movlw	141
  1307  05AB  009F               	movwf	31	;volatile
  1308                           
  1309                           ;adc_pwm_p12.c: 172: ANSEL=0x18;
  1310  05AC  3018               	movlw	24
  1311  05AD  1683               	bsf	3,5	;RP0=1, select bank1
  1312  05AE  009F               	movwf	31	;volatile
  1313  05AF  0008               	return
  1314  05B0                     __end_of_ADC_Init:	
  1315                           
  1316                           	psect	text81
  1317  05B0                     __ptext81:	
  1318 ;; =============== function _ADC_Init ends ============
  1319                           
  1320                           
  1321 ;; *************** function _Init *****************
  1322 ;; Defined at:
  1323 ;;		line 162 in file "D:\GitHub\adc_pwm_p12\adc_pwm_p12.c"
  1324 ;; Parameters:    Size  Location     Type
  1325 ;;		None
  1326 ;; Auto vars:     Size  Location     Type
  1327 ;;		None
  1328 ;; Return value:  Size  Location     Type
  1329 ;;		None               void
  1330 ;; Registers used:
  1331 ;;		wreg
  1332 ;; Tracked objects:
  1333 ;;		On entry : 17F/0
  1334 ;;		On exit  : 17F/0
  1335 ;;		Unchanged: FFE80/0
  1336 ;; Data sizes:     COMMON   BANK0   BANK1
  1337 ;;      Params:         0       0       0
  1338 ;;      Locals:         0       0       0
  1339 ;;      Temps:          0       0       0
  1340 ;;      Totals:         0       0       0
  1341 ;;Total ram usage:        0 bytes
  1342 ;; Hardware stack levels used:    1
  1343 ;; This function calls:
  1344 ;;		Nothing
  1345 ;; This function is called by:
  1346 ;;		_main
  1347 ;; This function uses a non-reentrant model
  1348 ;;
  1349  05B0                     _Init:	
  1350                           
  1351                           ;adc_pwm_p12.c: 163: OSCCON=0x60;
  1352                           
  1353                           ; Regs used in _Init: [wreg]
  1354  05B0  3060               	movlw	96
  1355  05B1  1683               	bsf	3,5	;RP0=1, select bank1
  1356  05B2  008F               	movwf	15	;volatile
  1357                           
  1358                           ;adc_pwm_p12.c: 164: TRISIO4=1;
  1359  05B3  1605               	bsf	5,4
  1360                           
  1361                           ;adc_pwm_p12.c: 165: TRISIO2=0;
  1362  05B4  1105               	bcf	5,2
  1363                           
  1364                           ;adc_pwm_p12.c: 166: GPIO2=0;
  1365  05B5  1283               	bcf	3,5	;RP0=0, select bank0
  1366  05B6  1105               	bcf	5,2
  1367  05B7  0008               	return
  1368  05B8                     __end_of_Init:	
  1369                           
  1370                           	psect	text82
  1371  0000                     __ptext82:	
  1372 ;; =============== function _Init ends ============
  1373                           
  1374  007E                     btemp	set	126	;btemp
  1375  007E                     wtemp0	set	126


HI-TECH Software PICC Macro Assembler V9.80 build 6738 
Symbol Table                                                                                   Wed May 20 17:51:25 2020

                  l452 05BA                    l461 0000                    l446 0000                    l455 0000  
                  l449 0000                    l385 06C4                    l458 0000                    l830 0000  
                  l902 062B                    l832 0000                    l840 0000                    l920 065B  
                  l834 0000                    l914 064B                    l836 0000                    l860 0000  
                  l940 0000                    l932 067B                    l908 063B                    l838 0000  
                  l846 0000                    l870 0000                    l950 06A0                    l926 066B  
                  l934 067D                    l848 05CD                    l880 05F5                    l872 0000  
                  l866 0000                    l962 06C0                    l938 0000                    l890 060F  
                  l882 0000                    l874 0000                    l868 0000                    l980 06F4  
                  l956 06B0                    l964 06C6                    l884 0000                    l876 0000  
                  l974 06E4                    l966 0000                    l992 0714                    l896 0000  
                  l986 0704                    l898 0000                    l998 0724                    _PR2 0092  
                 l1012 0749                   l1004 0734                   l1030 0779                   l1006 0736  
                 l1024 0769                   l1032 077C                   l1042 07E3                   l1034 0000  
                 l1018 0759                   l1052 07A8                   l1044 0000                   l1036 0000  
                 l1046 0796                   l1064 07C8                   l1074 07DC                   l1058 07B8  
                 l1066 07EF                   l1068 07CA                   l1076 07F6                   l1078 07DE  
                 _Init 05B0                   _main 05E3                   btemp 007E       __end_of_ADC_Init 05B0  
                 start 0000                  ?_Init 0070                  ?_main 0070                  _ANSEL 009F  
                _T2CON 0012                  _GPIO2 002A                  _Delay 05C9       __end_of_PWM_Open 05AA  
                status 0003                  wtemp0 007E           __end_of_Init 05B8           __end_of_main 0800  
               ??_Init 0070                 ??_main 0076                 ?_Delay 0070                 _ADCON0 001F  
               _ADRESH 001E                 _ADRESL 009E                 _CCPR1L 0013                 _GODONE 00F9  
               Delay@a 0072                 Delay@b 0074                 Delay@x 0070                 _OSCCON 008F  
               _Get_Ad 05B8              ?_ADC_Init 0070          ?_Time2_Config 0070          __end_of_Delay 05E3  
       __pcstackCOMMON 0070              ?_PWM_Open 0070                ??_Delay 0072             ??_ADC_Init 0070  
       ??_Time2_Config 0070                ?_Get_Ad 0070             __pmaintext 05E3                _CCP1CON 0015  
           ??_PWM_Open 0070                _TRISIO2 042A                _TRISIO4 042C        __size_of_Get_Ad 0011  
 end_of_initialization 059F   __end_of_Time2_Config 05A5      __size_of_ADC_Init 0006         __end_of_Get_Ad 05C9  
  start_initialization 059F      __size_of_PWM_Open 0005               ??_Get_Ad 0072  __size_of_Time2_Config 0004  
             _ADC_Init 05AA         __size_of_Delay 001A           _Time2_Config 05A1               _PWM_Open 05A5  
            main@adnum 0076            Get_Ad@adval 0073               __ptext80 05AA               __ptext81 05B0  
             __ptext82 0000               __ptext75 0000               __ptext76 05A5               __ptext77 05A1  
             __ptext78 05C9               __ptext79 05B8          __size_of_Init 0008          __size_of_main 021D  
